# JRE version: OpenJDK Runtime Environment (8.0_112-b87) (build 1.8.0_112-release-b343)
# Java VM: OpenJDK Server VM (25.112-b343 mixed mode windows-x86 )
Heap:
 par new generation   total 39296K, used 26785K [0x1e200000, 0x20ca0000, 0x28ca0000)
  eden space 34944K,  67% used [0x1e200000, 0x1f8ddc68, 0x20420000)
  from space 4352K,  77% used [0x20420000, 0x2076a980, 0x20860000)
  to   space 4352K,   0% used [0x20860000, 0x20860000, 0x20ca0000)
 concurrent mark-sweep generation total 117244K, used 79612K [0x28ca0000, 0x2ff1f000, 0x3e200000)
 Metaspace       used 79381K, capacity 82032K, committed 82048K, reserved 82304K
GC Heap History (10 events):
Event: 58736.915 GC heap before
{Heap before GC invocations=93 (full 6):
 par new generation   total 39296K, used 36715K [0x1e200000, 0x20ca0000, 0x28ca0000)
  eden space 34944K, 100% used [0x1e200000, 0x20420000, 0x20420000)
  from space 4352K,  40% used [0x20860000, 0x20a1afc0, 0x20ca0000)
  to   space 4352K,   0% used [0x20420000, 0x20420000, 0x20860000)
 concurrent mark-sweep generation total 117244K, used 74249K [0x28ca0000, 0x2ff1f000, 0x3e200000)
 Metaspace       used 78250K, capacity 80803K, committed 81280K, reserved 81280K
Event: 58736.923 GC heap after
Heap after GC invocations=94 (full 6):
 par new generation   total 39296K, used 1959K [0x1e200000, 0x20ca0000, 0x28ca0000)
  eden space 34944K,   0% used [0x1e200000, 0x1e200000, 0x20420000)
  from space 4352K,  45% used [0x20420000, 0x20609d58, 0x20860000)
  to   space 4352K,   0% used [0x20860000, 0x20860000, 0x20ca0000)
 concurrent mark-sweep generation total 117244K, used 74249K [0x28ca0000, 0x2ff1f000, 0x3e200000)
 Metaspace       used 78250K, capacity 80803K, committed 81280K, reserved 81280K
}
Event: 58811.473 GC heap before
{Heap before GC invocations=94 (full 6):
 par new generation   total 39296K, used 36903K [0x1e200000, 0x20ca0000, 0x28ca0000)
  eden space 34944K, 100% used [0x1e200000, 0x20420000, 0x20420000)
  from space 4352K,  45% used [0x20420000, 0x20609d58, 0x20860000)
  to   space 4352K,   0% used [0x20860000, 0x20860000, 0x20ca0000)
 concurrent mark-sweep generation total 117244K, used 74249K [0x28ca0000, 0x2ff1f000, 0x3e200000)
 Metaspace       used 78251K, capacity 80803K, committed 81280K, reserved 81280K
Event: 58811.487 GC heap after
Heap after GC invocations=95 (full 6):
 par new generation   total 39296K, used 1812K [0x1e200000, 0x20ca0000, 0x28ca0000)
  eden space 34944K,   0% used [0x1e200000, 0x1e200000, 0x20420000)
  from space 4352K,  41% used [0x20860000, 0x20a25220, 0x20ca0000)
  to   space 4352K,   0% used [0x20420000, 0x20420000, 0x20860000)
 concurrent mark-sweep generation total 117244K, used 74581K [0x28ca0000, 0x2ff1f000, 0x3e200000)
 Metaspace       used 78251K, capacity 80803K, committed 81280K, reserved 81280K
}
Event: 58834.894 GC heap before
{Heap before GC invocations=95 (full 6):
 par new generation   total 39296K, used 36756K [0x1e200000, 0x20ca0000, 0x28ca0000)
  eden space 34944K, 100% used [0x1e200000, 0x20420000, 0x20420000)
  from space 4352K,  41% used [0x20860000, 0x20a25220, 0x20ca0000)
  to   space 4352K,   0% used [0x20420000, 0x20420000, 0x20860000)
 concurrent mark-sweep generation total 117244K, used 74581K [0x28ca0000, 0x2ff1f000, 0x3e200000)
 Metaspace       used 78810K, capacity 81362K, committed 81792K, reserved 82304K
Event: 58834.923 GC heap after
Heap after GC invocations=96 (full 6):
 par new generation   total 39296K, used 4352K [0x1e200000, 0x20ca0000, 0x28ca0000)
  eden space 34944K,   0% used [0x1e200000, 0x1e200000, 0x20420000)
  from space 4352K, 100% used [0x20420000, 0x20860000, 0x20860000)
  to   space 4352K,   0% used [0x20860000, 0x20860000, 0x20ca0000)
 concurrent mark-sweep generation total 117244K, used 76487K [0x28ca0000, 0x2ff1f000, 0x3e200000)
 Metaspace       used 78810K, capacity 81362K, committed 81792K, reserved 82304K
}
Event: 58896.002 GC heap before
{Heap before GC invocations=96 (full 6):
 par new generation   total 39296K, used 39296K [0x1e200000, 0x20ca0000, 0x28ca0000)
  eden space 34944K, 100% used [0x1e200000, 0x20420000, 0x20420000)
  from space 4352K, 100% used [0x20420000, 0x20860000, 0x20860000)
  to   space 4352K,   0% used [0x20860000, 0x20860000, 0x20ca0000)
 concurrent mark-sweep generation total 117244K, used 76487K [0x28ca0000, 0x2ff1f000, 0x3e200000)
 Metaspace       used 79119K, capacity 81665K, committed 82048K, reserved 82304K
Event: 58896.041 GC heap after
Heap after GC invocations=97 (full 6):
 par new generation   total 39296K, used 2940K [0x1e200000, 0x20ca0000, 0x28ca0000)
  eden space 34944K,   0% used [0x1e200000, 0x1e200000, 0x20420000)
  from space 4352K,  67% used [0x20860000, 0x20b3f2a8, 0x20ca0000)
  to   space 4352K,   0% used [0x20420000, 0x20420000, 0x20860000)
 concurrent mark-sweep generation total 117244K, used 79612K [0x28ca0000, 0x2ff1f000, 0x3e200000)
 Metaspace       used 79119K, capacity 81665K, committed 82048K, reserved 82304K
}
Event: 59146.309 GC heap before
{Heap before GC invocations=97 (full 6):
 par new generation   total 39296K, used 37884K [0x1e200000, 0x20ca0000, 0x28ca0000)
  eden space 34944K, 100% used [0x1e200000, 0x20420000, 0x20420000)
  from space 4352K,  67% used [0x20860000, 0x20b3f2a8, 0x20ca0000)
  to   space 4352K,   0% used [0x20420000, 0x20420000, 0x20860000)
 concurrent mark-sweep generation total 117244K, used 79612K [0x28ca0000, 0x2ff1f000, 0x3e200000)
 Metaspace       used 79190K, capacity 81790K, committed 82048K, reserved 82304K
Event: 59146.326 GC heap after
Heap after GC invocations=98 (full 6):
 par new generation   total 39296K, used 3370K [0x1e200000, 0x20ca0000, 0x28ca0000)
  eden space 34944K,   0% used [0x1e200000, 0x1e200000, 0x20420000)
  from space 4352K,  77% used [0x20420000, 0x2076a980, 0x20860000)
  to   space 4352K,   0% used [0x20860000, 0x20860000, 0x20ca0000)
 concurrent mark-sweep generation total 117244K, used 79612K [0x28ca0000, 0x2ff1f000, 0x3e200000)
 Metaspace       used 79190K, capacity 81790K, committed 82048K, reserved 82304K
}

