# JRE version: OpenJDK Runtime Environment (8.0_112-b02) (build 1.8.0_112-release-408-b2)
# Java VM: OpenJDK Server VM (25.112-b2 mixed mode windows-x86 )
Heap:
 par new generation   total 157248K, used 33014K [0x1e200000, 0x28ca0000, 0x28ca0000)
  eden space 139776K,  17% used [0x1e200000, 0x1fa63490, 0x26a80000)
  from space 17472K,  46% used [0x27b90000, 0x2836a470, 0x28ca0000)
  to   space 17472K,   0% used [0x26a80000, 0x26a80000, 0x27b90000)
 concurrent mark-sweep generation total 349568K, used 231659K [0x28ca0000, 0x3e200000, 0x3e200000)
 Metaspace       used 108108K, capacity 112135K, committed 112768K, reserved 113024K
GC Heap History (10 events):
Event: 713679.855 GC heap before
{Heap before GC invocations=6762 (full 36):
 par new generation   total 157248K, used 143774K [0x1e200000, 0x28ca0000, 0x28ca0000)
  eden space 139776K, 100% used [0x1e200000, 0x26a80000, 0x26a80000)
  from space 17472K,  22% used [0x26a80000, 0x26e67828, 0x27b90000)
  to   space 17472K,   0% used [0x27b90000, 0x27b90000, 0x28ca0000)
 concurrent mark-sweep generation total 349568K, used 231136K [0x28ca0000, 0x3e200000, 0x3e200000)
 Metaspace       used 108107K, capacity 112135K, committed 112768K, reserved 113024K
Event: 713679.871 GC heap after
Heap after GC invocations=6763 (full 36):
 par new generation   total 157248K, used 3343K [0x1e200000, 0x28ca0000, 0x28ca0000)
  eden space 139776K,   0% used [0x1e200000, 0x1e200000, 0x26a80000)
  from space 17472K,  19% used [0x27b90000, 0x27ed3fa8, 0x28ca0000)
  to   space 17472K,   0% used [0x26a80000, 0x26a80000, 0x27b90000)
 concurrent mark-sweep generation total 349568K, used 231173K [0x28ca0000, 0x3e200000, 0x3e200000)
 Metaspace       used 108107K, capacity 112135K, committed 112768K, reserved 113024K
}
Event: 713780.846 GC heap before
{Heap before GC invocations=6763 (full 36):
 par new generation   total 157248K, used 143119K [0x1e200000, 0x28ca0000, 0x28ca0000)
  eden space 139776K, 100% used [0x1e200000, 0x26a80000, 0x26a80000)
  from space 17472K,  19% used [0x27b90000, 0x27ed3fa8, 0x28ca0000)
  to   space 17472K,   0% used [0x26a80000, 0x26a80000, 0x27b90000)
 concurrent mark-sweep generation total 349568K, used 231173K [0x28ca0000, 0x3e200000, 0x3e200000)
 Metaspace       used 108107K, capacity 112135K, committed 112768K, reserved 113024K
Event: 713780.876 GC heap after
Heap after GC invocations=6764 (full 36):
 par new generation   total 157248K, used 5410K [0x1e200000, 0x28ca0000, 0x28ca0000)
  eden space 139776K,   0% used [0x1e200000, 0x1e200000, 0x26a80000)
  from space 17472K,  30% used [0x26a80000, 0x26fc8840, 0x27b90000)
  to   space 17472K,   0% used [0x27b90000, 0x27b90000, 0x28ca0000)
 concurrent mark-sweep generation total 349568K, used 231214K [0x28ca0000, 0x3e200000, 0x3e200000)
 Metaspace       used 108107K, capacity 112135K, committed 112768K, reserved 113024K
}
Event: 713788.314 GC heap before
{Heap before GC invocations=6764 (full 36):
 par new generation   total 157248K, used 145186K [0x1e200000, 0x28ca0000, 0x28ca0000)
  eden space 139776K, 100% used [0x1e200000, 0x26a80000, 0x26a80000)
  from space 17472K,  30% used [0x26a80000, 0x26fc8840, 0x27b90000)
  to   space 17472K,   0% used [0x27b90000, 0x27b90000, 0x28ca0000)
 concurrent mark-sweep generation total 349568K, used 231214K [0x28ca0000, 0x3e200000, 0x3e200000)
 Metaspace       used 108107K, capacity 112135K, committed 112768K, reserved 113024K
Event: 713788.331 GC heap after
Heap after GC invocations=6765 (full 36):
 par new generation   total 157248K, used 6514K [0x1e200000, 0x28ca0000, 0x28ca0000)
  eden space 139776K,   0% used [0x1e200000, 0x1e200000, 0x26a80000)
  from space 17472K,  37% used [0x27b90000, 0x281ecbc8, 0x28ca0000)
  to   space 17472K,   0% used [0x26a80000, 0x26a80000, 0x27b90000)
 concurrent mark-sweep generation total 349568K, used 231231K [0x28ca0000, 0x3e200000, 0x3e200000)
 Metaspace       used 108107K, capacity 112135K, committed 112768K, reserved 113024K
}
Event: 713802.707 GC heap before
{Heap before GC invocations=6765 (full 36):
 par new generation   total 157248K, used 146290K [0x1e200000, 0x28ca0000, 0x28ca0000)
  eden space 139776K, 100% used [0x1e200000, 0x26a80000, 0x26a80000)
  from space 17472K,  37% used [0x27b90000, 0x281ecbc8, 0x28ca0000)
  to   space 17472K,   0% used [0x26a80000, 0x26a80000, 0x27b90000)
 concurrent mark-sweep generation total 349568K, used 231231K [0x28ca0000, 0x3e200000, 0x3e200000)
 Metaspace       used 108107K, capacity 112135K, committed 112768K, reserved 113024K
Event: 713802.737 GC heap after
Heap after GC invocations=6766 (full 36):
 par new generation   total 157248K, used 6840K [0x1e200000, 0x28ca0000, 0x28ca0000)
  eden space 139776K,   0% used [0x1e200000, 0x1e200000, 0x26a80000)
  from space 17472K,  39% used [0x26a80000, 0x2712e180, 0x27b90000)
  to   space 17472K,   0% used [0x27b90000, 0x27b90000, 0x28ca0000)
 concurrent mark-sweep generation total 349568K, used 231246K [0x28ca0000, 0x3e200000, 0x3e200000)
 Metaspace       used 108107K, capacity 112135K, committed 112768K, reserved 113024K
}
Event: 714468.676 GC heap before
{Heap before GC invocations=6766 (full 36):
 par new generation   total 157248K, used 146616K [0x1e200000, 0x28ca0000, 0x28ca0000)
  eden space 139776K, 100% used [0x1e200000, 0x26a80000, 0x26a80000)
  from space 17472K,  39% used [0x26a80000, 0x2712e180, 0x27b90000)
  to   space 17472K,   0% used [0x27b90000, 0x27b90000, 0x28ca0000)
 concurrent mark-sweep generation total 349568K, used 231246K [0x28ca0000, 0x3e200000, 0x3e200000)
 Metaspace       used 108108K, capacity 112135K, committed 112768K, reserved 113024K
Event: 714468.776 GC heap after
Heap after GC invocations=6767 (full 36):
 par new generation   total 157248K, used 8041K [0x1e200000, 0x28ca0000, 0x28ca0000)
  eden space 139776K,   0% used [0x1e200000, 0x1e200000, 0x26a80000)
  from space 17472K,  46% used [0x27b90000, 0x2836a470, 0x28ca0000)
  to   space 17472K,   0% used [0x26a80000, 0x26a80000, 0x27b90000)
 concurrent mark-sweep generation total 349568K, used 231659K [0x28ca0000, 0x3e200000, 0x3e200000)
 Metaspace       used 108108K, capacity 112135K, committed 112768K, reserved 113024K
}

