# JRE version: OpenJDK Runtime Environment (8.0_112-b02) (build 1.8.0_112-release-408-b2)
# Java VM: OpenJDK Server VM (25.112-b2 mixed mode windows-x86 )
Heap:
 par new generation   total 39296K, used 28454K [0x1e200000, 0x20ca0000, 0x28ca0000)
  eden space 34944K,  81% used [0x1e200000, 0x1fda7c18, 0x20420000)
  from space 4352K,   3% used [0x20860000, 0x20881ce8, 0x20ca0000)
  to   space 4352K,   0% used [0x20420000, 0x20420000, 0x20860000)
 concurrent mark-sweep generation total 280860K, used 188038K [0x28ca0000, 0x39ee7000, 0x3e200000)
 Metaspace       used 99310K, capacity 102876K, committed 103296K, reserved 103808K
GC Heap History (10 events):
Event: 432383.256 GC heap before
{Heap before GC invocations=1602 (full 18):
 par new generation   total 39296K, used 35013K [0x1e200000, 0x20ca0000, 0x28ca0000)
  eden space 34944K, 100% used [0x1e200000, 0x20420000, 0x20420000)
  from space 4352K,   1% used [0x20420000, 0x20431728, 0x20860000)
  to   space 4352K,   0% used [0x20860000, 0x20860000, 0x20ca0000)
 concurrent mark-sweep generation total 280860K, used 188012K [0x28ca0000, 0x39ee7000, 0x3e200000)
 Metaspace       used 99309K, capacity 102876K, committed 103296K, reserved 103808K
Event: 432383.263 GC heap after
Heap after GC invocations=1603 (full 18):
 par new generation   total 39296K, used 455K [0x1e200000, 0x20ca0000, 0x28ca0000)
  eden space 34944K,   0% used [0x1e200000, 0x1e200000, 0x20420000)
  from space 4352K,  10% used [0x20860000, 0x208d1e70, 0x20ca0000)
  to   space 4352K,   0% used [0x20420000, 0x20420000, 0x20860000)
 concurrent mark-sweep generation total 280860K, used 188037K [0x28ca0000, 0x39ee7000, 0x3e200000)
 Metaspace       used 99309K, capacity 102876K, committed 103296K, reserved 103808K
}
Event: 433003.548 GC heap before
{Heap before GC invocations=1603 (full 18):
 par new generation   total 39296K, used 35395K [0x1e200000, 0x20ca0000, 0x28ca0000)
  eden space 34944K,  99% used [0x1e200000, 0x2041f138, 0x20420000)
  from space 4352K,  10% used [0x20860000, 0x208d1e70, 0x20ca0000)
  to   space 4352K,   0% used [0x20420000, 0x20420000, 0x20860000)
 concurrent mark-sweep generation total 280860K, used 188037K [0x28ca0000, 0x39ee7000, 0x3e200000)
 Metaspace       used 99310K, capacity 102876K, committed 103296K, reserved 103808K
Event: 433003.555 GC heap after
Heap after GC invocations=1604 (full 18):
 par new generation   total 39296K, used 187K [0x1e200000, 0x20ca0000, 0x28ca0000)
  eden space 34944K,   0% used [0x1e200000, 0x1e200000, 0x20420000)
  from space 4352K,   4% used [0x20420000, 0x2044ef00, 0x20860000)
  to   space 4352K,   0% used [0x20860000, 0x20860000, 0x20ca0000)
 concurrent mark-sweep generation total 280860K, used 188037K [0x28ca0000, 0x39ee7000, 0x3e200000)
 Metaspace       used 99310K, capacity 102876K, committed 103296K, reserved 103808K
}
Event: 433749.337 GC heap before
{Heap before GC invocations=1604 (full 18):
 par new generation   total 39296K, used 35131K [0x1e200000, 0x20ca0000, 0x28ca0000)
  eden space 34944K, 100% used [0x1e200000, 0x20420000, 0x20420000)
  from space 4352K,   4% used [0x20420000, 0x2044ef00, 0x20860000)
  to   space 4352K,   0% used [0x20860000, 0x20860000, 0x20ca0000)
 concurrent mark-sweep generation total 280860K, used 188037K [0x28ca0000, 0x39ee7000, 0x3e200000)
 Metaspace       used 99310K, capacity 102876K, committed 103296K, reserved 103808K
Event: 433749.345 GC heap after
Heap after GC invocations=1605 (full 18):
 par new generation   total 39296K, used 154K [0x1e200000, 0x20ca0000, 0x28ca0000)
  eden space 34944K,   0% used [0x1e200000, 0x1e200000, 0x20420000)
  from space 4352K,   3% used [0x20860000, 0x20886bb8, 0x20ca0000)
  to   space 4352K,   0% used [0x20420000, 0x20420000, 0x20860000)
 concurrent mark-sweep generation total 280860K, used 188037K [0x28ca0000, 0x39ee7000, 0x3e200000)
 Metaspace       used 99310K, capacity 102876K, committed 103296K, reserved 103808K
}
Event: 434453.501 GC heap before
{Heap before GC invocations=1605 (full 18):
 par new generation   total 39296K, used 35098K [0x1e200000, 0x20ca0000, 0x28ca0000)
  eden space 34944K, 100% used [0x1e200000, 0x20420000, 0x20420000)
  from space 4352K,   3% used [0x20860000, 0x20886bb8, 0x20ca0000)
  to   space 4352K,   0% used [0x20420000, 0x20420000, 0x20860000)
 concurrent mark-sweep generation total 280860K, used 188037K [0x28ca0000, 0x39ee7000, 0x3e200000)
 Metaspace       used 99310K, capacity 102876K, committed 103296K, reserved 103808K
Event: 434453.508 GC heap after
Heap after GC invocations=1606 (full 18):
 par new generation   total 39296K, used 136K [0x1e200000, 0x20ca0000, 0x28ca0000)
  eden space 34944K,   0% used [0x1e200000, 0x1e200000, 0x20420000)
  from space 4352K,   3% used [0x20420000, 0x20442138, 0x20860000)
  to   space 4352K,   0% used [0x20860000, 0x20860000, 0x20ca0000)
 concurrent mark-sweep generation total 280860K, used 188038K [0x28ca0000, 0x39ee7000, 0x3e200000)
 Metaspace       used 99310K, capacity 102876K, committed 103296K, reserved 103808K
}
Event: 435213.478 GC heap before
{Heap before GC invocations=1606 (full 18):
 par new generation   total 39296K, used 35080K [0x1e200000, 0x20ca0000, 0x28ca0000)
  eden space 34944K, 100% used [0x1e200000, 0x20420000, 0x20420000)
  from space 4352K,   3% used [0x20420000, 0x20442138, 0x20860000)
  to   space 4352K,   0% used [0x20860000, 0x20860000, 0x20ca0000)
 concurrent mark-sweep generation total 280860K, used 188038K [0x28ca0000, 0x39ee7000, 0x3e200000)
 Metaspace       used 99310K, capacity 102876K, committed 103296K, reserved 103808K
Event: 435213.490 GC heap after
Heap after GC invocations=1607 (full 18):
 par new generation   total 39296K, used 135K [0x1e200000, 0x20ca0000, 0x28ca0000)
  eden space 34944K,   0% used [0x1e200000, 0x1e200000, 0x20420000)
  from space 4352K,   3% used [0x20860000, 0x20881ce8, 0x20ca0000)
  to   space 4352K,   0% used [0x20420000, 0x20420000, 0x20860000)
 concurrent mark-sweep generation total 280860K, used 188038K [0x28ca0000, 0x39ee7000, 0x3e200000)
 Metaspace       used 99310K, capacity 102876K, committed 103296K, reserved 103808K
}

