# JRE version: OpenJDK Runtime Environment (8.0_112-b02) (build 1.8.0_112-release-408-b2)
# Java VM: OpenJDK Server VM (25.112-b2 mixed mode windows-x86 )
Heap:
 par new generation   total 39296K, used 17177K [0x1e200000, 0x20ca0000, 0x28ca0000)
  eden space 34944K,  48% used [0x1e200000, 0x1f2b2e28, 0x20420000)
  from space 4352K,   1% used [0x20420000, 0x20433728, 0x20860000)
  to   space 4352K,   0% used [0x20860000, 0x20860000, 0x20ca0000)
 concurrent mark-sweep generation total 244880K, used 214927K [0x28ca0000, 0x37bc4000, 0x3e200000)
 Metaspace       used 91130K, capacity 94537K, committed 94592K, reserved 94592K
GC Heap History (10 events):
Event: 297461.688 GC heap before
{Heap before GC invocations=513 (full 9):
 par new generation   total 39296K, used 34970K [0x1e200000, 0x20ca0000, 0x28ca0000)
  eden space 34944K, 100% used [0x1e200000, 0x20420000, 0x20420000)
  from space 4352K,   0% used [0x20860000, 0x20866898, 0x20ca0000)
  to   space 4352K,   0% used [0x20420000, 0x20420000, 0x20860000)
 concurrent mark-sweep generation total 244880K, used 214921K [0x28ca0000, 0x37bc4000, 0x3e200000)
 Metaspace       used 91129K, capacity 94537K, committed 94592K, reserved 94592K
Event: 297461.712 GC heap after
Heap after GC invocations=514 (full 9):
 par new generation   total 39296K, used 39K [0x1e200000, 0x20ca0000, 0x28ca0000)
  eden space 34944K,   0% used [0x1e200000, 0x1e200000, 0x20420000)
  from space 4352K,   0% used [0x20420000, 0x20429fb8, 0x20860000)
  to   space 4352K,   0% used [0x20860000, 0x20860000, 0x20ca0000)
 concurrent mark-sweep generation total 244880K, used 214921K [0x28ca0000, 0x37bc4000, 0x3e200000)
 Metaspace       used 91129K, capacity 94537K, committed 94592K, reserved 94592K
}
Event: 298219.161 GC heap before
{Heap before GC invocations=514 (full 9):
 par new generation   total 39296K, used 34983K [0x1e200000, 0x20ca0000, 0x28ca0000)
  eden space 34944K, 100% used [0x1e200000, 0x20420000, 0x20420000)
  from space 4352K,   0% used [0x20420000, 0x20429fb8, 0x20860000)
  to   space 4352K,   0% used [0x20860000, 0x20860000, 0x20ca0000)
 concurrent mark-sweep generation total 244880K, used 214921K [0x28ca0000, 0x37bc4000, 0x3e200000)
 Metaspace       used 91129K, capacity 94537K, committed 94592K, reserved 94592K
Event: 298219.196 GC heap after
Heap after GC invocations=515 (full 9):
 par new generation   total 39296K, used 84K [0x1e200000, 0x20ca0000, 0x28ca0000)
  eden space 34944K,   0% used [0x1e200000, 0x1e200000, 0x20420000)
  from space 4352K,   1% used [0x20860000, 0x208752c8, 0x20ca0000)
  to   space 4352K,   0% used [0x20420000, 0x20420000, 0x20860000)
 concurrent mark-sweep generation total 244880K, used 214921K [0x28ca0000, 0x37bc4000, 0x3e200000)
 Metaspace       used 91129K, capacity 94537K, committed 94592K, reserved 94592K
}
Event: 298959.798 GC heap before
{Heap before GC invocations=515 (full 9):
 par new generation   total 39296K, used 35028K [0x1e200000, 0x20ca0000, 0x28ca0000)
  eden space 34944K, 100% used [0x1e200000, 0x20420000, 0x20420000)
  from space 4352K,   1% used [0x20860000, 0x208752c8, 0x20ca0000)
  to   space 4352K,   0% used [0x20420000, 0x20420000, 0x20860000)
 concurrent mark-sweep generation total 244880K, used 214921K [0x28ca0000, 0x37bc4000, 0x3e200000)
 Metaspace       used 91129K, capacity 94537K, committed 94592K, reserved 94592K
Event: 298959.891 GC heap after
Heap after GC invocations=516 (full 9):
 par new generation   total 39296K, used 67K [0x1e200000, 0x20ca0000, 0x28ca0000)
  eden space 34944K,   0% used [0x1e200000, 0x1e200000, 0x20420000)
  from space 4352K,   1% used [0x20420000, 0x20430e30, 0x20860000)
  to   space 4352K,   0% used [0x20860000, 0x20860000, 0x20ca0000)
 concurrent mark-sweep generation total 244880K, used 214924K [0x28ca0000, 0x37bc4000, 0x3e200000)
 Metaspace       used 91129K, capacity 94537K, committed 94592K, reserved 94592K
}
Event: 299670.786 GC heap before
{Heap before GC invocations=516 (full 9):
 par new generation   total 39296K, used 35011K [0x1e200000, 0x20ca0000, 0x28ca0000)
  eden space 34944K, 100% used [0x1e200000, 0x20420000, 0x20420000)
  from space 4352K,   1% used [0x20420000, 0x20430e30, 0x20860000)
  to   space 4352K,   0% used [0x20860000, 0x20860000, 0x20ca0000)
 concurrent mark-sweep generation total 244880K, used 214924K [0x28ca0000, 0x37bc4000, 0x3e200000)
 Metaspace       used 91129K, capacity 94537K, committed 94592K, reserved 94592K
Event: 299670.813 GC heap after
Heap after GC invocations=517 (full 9):
 par new generation   total 39296K, used 67K [0x1e200000, 0x20ca0000, 0x28ca0000)
  eden space 34944K,   0% used [0x1e200000, 0x1e200000, 0x20420000)
  from space 4352K,   1% used [0x20860000, 0x20870d20, 0x20ca0000)
  to   space 4352K,   0% used [0x20420000, 0x20420000, 0x20860000)
 concurrent mark-sweep generation total 244880K, used 214927K [0x28ca0000, 0x37bc4000, 0x3e200000)
 Metaspace       used 91129K, capacity 94537K, committed 94592K, reserved 94592K
}
Event: 341041.222 GC heap before
{Heap before GC invocations=517 (full 9):
 par new generation   total 39296K, used 35011K [0x1e200000, 0x20ca0000, 0x28ca0000)
  eden space 34944K, 100% used [0x1e200000, 0x20420000, 0x20420000)
  from space 4352K,   1% used [0x20860000, 0x20870d20, 0x20ca0000)
  to   space 4352K,   0% used [0x20420000, 0x20420000, 0x20860000)
 concurrent mark-sweep generation total 244880K, used 214927K [0x28ca0000, 0x37bc4000, 0x3e200000)
 Metaspace       used 91130K, capacity 94537K, committed 94592K, reserved 94592K
Event: 341041.241 GC heap after
Heap after GC invocations=518 (full 9):
 par new generation   total 39296K, used 77K [0x1e200000, 0x20ca0000, 0x28ca0000)
  eden space 34944K,   0% used [0x1e200000, 0x1e200000, 0x20420000)
  from space 4352K,   1% used [0x20420000, 0x20433728, 0x20860000)
  to   space 4352K,   0% used [0x20860000, 0x20860000, 0x20ca0000)
 concurrent mark-sweep generation total 244880K, used 214927K [0x28ca0000, 0x37bc4000, 0x3e200000)
 Metaspace       used 91130K, capacity 94537K, committed 94592K, reserved 94592K
}

