# JRE version: OpenJDK Runtime Environment (8.0_112-b02) (build 1.8.0_112-release-408-b2)
# Java VM: OpenJDK Server VM (25.112-b2 mixed mode windows-x86 )
Heap:
 par new generation   total 39296K, used 10670K [0x1e200000, 0x20ca0000, 0x28ca0000)
  eden space 34944K,  29% used [0x1e200000, 0x1ebebd60, 0x20420000)
  from space 4352K,  11% used [0x20860000, 0x208dfb78, 0x20ca0000)
  to   space 4352K,   0% used [0x20420000, 0x20420000, 0x20860000)
 concurrent mark-sweep generation total 163376K, used 72544K [0x28ca0000, 0x32c2c000, 0x3e200000)
 Metaspace       used 88141K, capacity 91294K, committed 91904K, reserved 92544K
GC Heap History (10 events):
Event: 126256.364 GC heap before
{Heap before GC invocations=260 (full 9):
 par new generation   total 39296K, used 35131K [0x1e200000, 0x20ca0000, 0x28ca0000)
  eden space 34944K, 100% used [0x1e200000, 0x20420000, 0x20420000)
  from space 4352K,   4% used [0x20420000, 0x2044ef10, 0x20860000)
  to   space 4352K,   0% used [0x20860000, 0x20860000, 0x20ca0000)
 concurrent mark-sweep generation total 163376K, used 72424K [0x28ca0000, 0x32c2c000, 0x3e200000)
 Metaspace       used 88117K, capacity 91257K, committed 91904K, reserved 92544K
Event: 126256.385 GC heap after
Heap after GC invocations=261 (full 9):
 par new generation   total 39296K, used 195K [0x1e200000, 0x20ca0000, 0x28ca0000)
  eden space 34944K,   0% used [0x1e200000, 0x1e200000, 0x20420000)
  from space 4352K,   4% used [0x20860000, 0x20890f60, 0x20ca0000)
  to   space 4352K,   0% used [0x20420000, 0x20420000, 0x20860000)
 concurrent mark-sweep generation total 163376K, used 72424K [0x28ca0000, 0x32c2c000, 0x3e200000)
 Metaspace       used 88117K, capacity 91257K, committed 91904K, reserved 92544K
}
Event: 126978.788 GC heap before
{Heap before GC invocations=261 (full 9):
 par new generation   total 39296K, used 35139K [0x1e200000, 0x20ca0000, 0x28ca0000)
  eden space 34944K, 100% used [0x1e200000, 0x20420000, 0x20420000)
  from space 4352K,   4% used [0x20860000, 0x20890f60, 0x20ca0000)
  to   space 4352K,   0% used [0x20420000, 0x20420000, 0x20860000)
 concurrent mark-sweep generation total 163376K, used 72424K [0x28ca0000, 0x32c2c000, 0x3e200000)
 Metaspace       used 88117K, capacity 91257K, committed 91904K, reserved 92544K
Event: 126978.832 GC heap after
Heap after GC invocations=262 (full 9):
 par new generation   total 39296K, used 168K [0x1e200000, 0x20ca0000, 0x28ca0000)
  eden space 34944K,   0% used [0x1e200000, 0x1e200000, 0x20420000)
  from space 4352K,   3% used [0x20420000, 0x2044a3b0, 0x20860000)
  to   space 4352K,   0% used [0x20860000, 0x20860000, 0x20ca0000)
 concurrent mark-sweep generation total 163376K, used 72424K [0x28ca0000, 0x32c2c000, 0x3e200000)
 Metaspace       used 88117K, capacity 91257K, committed 91904K, reserved 92544K
}
Event: 127668.668 GC heap before
{Heap before GC invocations=262 (full 9):
 par new generation   total 39296K, used 35112K [0x1e200000, 0x20ca0000, 0x28ca0000)
  eden space 34944K, 100% used [0x1e200000, 0x20420000, 0x20420000)
  from space 4352K,   3% used [0x20420000, 0x2044a3b0, 0x20860000)
  to   space 4352K,   0% used [0x20860000, 0x20860000, 0x20ca0000)
 concurrent mark-sweep generation total 163376K, used 72424K [0x28ca0000, 0x32c2c000, 0x3e200000)
 Metaspace       used 88117K, capacity 91257K, committed 91904K, reserved 92544K
Event: 127668.690 GC heap after
Heap after GC invocations=263 (full 9):
 par new generation   total 39296K, used 137K [0x1e200000, 0x20ca0000, 0x28ca0000)
  eden space 34944K,   0% used [0x1e200000, 0x1e200000, 0x20420000)
  from space 4352K,   3% used [0x20860000, 0x20882410, 0x20ca0000)
  to   space 4352K,   0% used [0x20420000, 0x20420000, 0x20860000)
 concurrent mark-sweep generation total 163376K, used 72456K [0x28ca0000, 0x32c2c000, 0x3e200000)
 Metaspace       used 88117K, capacity 91257K, committed 91904K, reserved 92544K
}
Event: 128437.938 GC heap before
{Heap before GC invocations=263 (full 9):
 par new generation   total 39296K, used 35081K [0x1e200000, 0x20ca0000, 0x28ca0000)
  eden space 34944K, 100% used [0x1e200000, 0x20420000, 0x20420000)
  from space 4352K,   3% used [0x20860000, 0x20882410, 0x20ca0000)
  to   space 4352K,   0% used [0x20420000, 0x20420000, 0x20860000)
 concurrent mark-sweep generation total 163376K, used 72456K [0x28ca0000, 0x32c2c000, 0x3e200000)
 Metaspace       used 88117K, capacity 91257K, committed 91904K, reserved 92544K
Event: 128437.954 GC heap after
Heap after GC invocations=264 (full 9):
 par new generation   total 39296K, used 60K [0x1e200000, 0x20ca0000, 0x28ca0000)
  eden space 34944K,   0% used [0x1e200000, 0x1e200000, 0x20420000)
  from space 4352K,   1% used [0x20420000, 0x2042f060, 0x20860000)
  to   space 4352K,   0% used [0x20860000, 0x20860000, 0x20ca0000)
 concurrent mark-sweep generation total 163376K, used 72544K [0x28ca0000, 0x32c2c000, 0x3e200000)
 Metaspace       used 88117K, capacity 91257K, committed 91904K, reserved 92544K
}
Event: 171477.755 GC heap before
{Heap before GC invocations=264 (full 9):
 par new generation   total 39296K, used 31294K [0x1e200000, 0x20ca0000, 0x28ca0000)
  eden space 34944K,  89% used [0x1e200000, 0x20080998, 0x20420000)
  from space 4352K,   1% used [0x20420000, 0x2042f060, 0x20860000)
  to   space 4352K,   0% used [0x20860000, 0x20860000, 0x20ca0000)
 concurrent mark-sweep generation total 163376K, used 72544K [0x28ca0000, 0x32c2c000, 0x3e200000)
 Metaspace       used 88141K, capacity 91294K, committed 91904K, reserved 92544K
Event: 171477.788 GC heap after
Heap after GC invocations=265 (full 9):
 par new generation   total 39296K, used 510K [0x1e200000, 0x20ca0000, 0x28ca0000)
  eden space 34944K,   0% used [0x1e200000, 0x1e200000, 0x20420000)
  from space 4352K,  11% used [0x20860000, 0x208dfb78, 0x20ca0000)
  to   space 4352K,   0% used [0x20420000, 0x20420000, 0x20860000)
 concurrent mark-sweep generation total 163376K, used 72544K [0x28ca0000, 0x32c2c000, 0x3e200000)
 Metaspace       used 88141K, capacity 91294K, committed 91904K, reserved 92544K
}

